Arguments: 
  C:\Program Files\nodejs\node.exe C:\Users\Phong\AppData\Roaming\npm\node_modules\yarn\bin\yarn.js

PATH: 
  C:\WINDOWS\system32;C:\WINDOWS;C:\WINDOWS\System32\Wbem;C:\WINDOWS\System32\WindowsPowerShell\v1.0\;C:\WINDOWS\System32\OpenSSH\;C:\Program Files\Git\cmd;C:\Program Files\OpenSSL-Win64\bin;C:\Program Files\nodejs\;C:\Users\Phong\AppData\Local\Microsoft\WindowsApps;C:\Users\Phong\AppData\Local\Programs\Microsoft VS Code\bin;C:\Users\Phong\AppData\Local\Android\Sdk\platform-tools;C:\Program Files\OpenSSL-Win64\bin;C:\Users\Phong\AppData\Roaming\npm;C:\Users\Phong\.deno\bin

Yarn version: 
  1.22.0

Node version: 
  12.16.3

Platform: 
  win32 x64

Trace: 
  SyntaxError: C:\Users\Phong\Desktop\PHONG\Toolgame\package.json: Unexpected token } in JSON at position 327
      at JSON.parse (<anonymous>)
      at C:\Users\Phong\AppData\Roaming\npm\node_modules\yarn\lib\cli.js:1625:59
      at Generator.next (<anonymous>)
      at step (C:\Users\Phong\AppData\Roaming\npm\node_modules\yarn\lib\cli.js:310:30)
      at C:\Users\Phong\AppData\Roaming\npm\node_modules\yarn\lib\cli.js:321:13

npm manifest: 
  {
    "name": "Toolgame",
    "version": "1.0.0",
    "main": "index.js",
    "license": "MIT",
    "dependencies": {
      "body-parser": "^1.19.0",
      "dotenv": "^8.2.0",
      "ejs": "^2.7.1",
      "express": "^4.17.1",
      "express-session": "^1.17.0",
      "flash": "^1.1.0",
      "moment": "^2.24.0",
      "moment-timezone": "^0.5.27",
    }
  }

yarn manifest: 
  No manifest

Lockfile: 
  No lockfile
